[0.007s] Invoking command in '/root/shared_dir/B2D_Demo/B2D_tcp/bbd_msgs/build/bbd_msgs': /usr/bin/cmake /root/shared_dir/B2D_Demo/B2D_tcp/bbd_msgs -DCMAKE_BUILD_TYPE=Release -DCATKIN_INSTALL_INTO_PREFIX_ROOT=0 -DCATKIN_SYMLINK_INSTALL=ON -DCMAKE_INSTALL_PREFIX=/root/shared_dir/B2D_Demo/B2D_tcp/bbd_msgs/install/bbd_msgs
[0.043s] -- The C compiler identification is GNU 9.4.0
[0.079s] -- The CXX compiler identification is GNU 9.4.0
[0.082s] -- Check for working C compiler: /usr/bin/cc
[0.128s] -- Check for working C compiler: /usr/bin/cc -- works
[0.129s] -- Detecting C compiler ABI info
[0.177s] -- Detecting C compiler ABI info - done
[0.185s] -- Detecting C compile features
[0.185s] -- Detecting C compile features - done
[0.186s] -- Check for working CXX compiler: /usr/bin/c++
[0.239s] -- Check for working CXX compiler: /usr/bin/c++ -- works
[0.239s] -- Detecting CXX compiler ABI info
[0.291s] -- Detecting CXX compiler ABI info - done
[0.301s] -- Detecting CXX compile features
[0.301s] -- Detecting CXX compile features - done
[0.303s] -- Found ament_cmake: 0.9.12 (/opt/ros/foxy/share/ament_cmake/cmake)
[0.322s] -- Found PythonInterp: /usr/bin/python3 (found suitable version "3.8.10", minimum required is "3") 
[0.322s] -- Using PYTHON_EXECUTABLE: /usr/bin/python3
[0.464s] -- Found std_msgs: 2.0.5 (/opt/ros/foxy/share/std_msgs/cmake)
[0.485s] -- Using all available rosidl_typesupport_c: rosidl_typesupport_fastrtps_c;rosidl_typesupport_introspection_c
[0.489s] -- Found rosidl_adapter: 1.3.1 (/opt/ros/foxy/share/rosidl_adapter/cmake)
[0.544s] -- Found OpenSSL: /usr/lib/x86_64-linux-gnu/libcrypto.so (found version "1.1.1f")  
[0.571s] -- Found FastRTPS: /opt/ros/foxy/include  
[0.640s] -- Using all available rosidl_typesupport_cpp: rosidl_typesupport_fastrtps_cpp;rosidl_typesupport_introspection_cpp
[0.672s] -- Found rosidl_default_generators: 1.0.1 (/opt/ros/foxy/share/rosidl_default_generators/cmake)
[0.697s] -- Found PythonInterp: /usr/bin/python3 (found version "3.8.10") 
[0.819s] -- Found ament_cmake_ros: 0.9.2 (/opt/ros/foxy/share/ament_cmake_ros/cmake)
[0.956s] -- Using all available rosidl_typesupport_c: rosidl_typesupport_fastrtps_c;rosidl_typesupport_introspection_c
[0.995s] -- Using all available rosidl_typesupport_cpp: rosidl_typesupport_fastrtps_cpp;rosidl_typesupport_introspection_cpp
[1.014s] -- Found PythonInterp: /usr/bin/python3 (found suitable version "3.8.10", minimum required is "3.5") 
[1.015s] -- Found python_cmake_module: 0.8.1 (/opt/ros/foxy/share/python_cmake_module/cmake)
[1.035s] -- Found PythonLibs: /usr/lib/x86_64-linux-gnu/libpython3.8.so (found suitable version "3.8.10", minimum required is "3.5") 
[1.035s] -- Using PYTHON_EXECUTABLE: /usr/bin/python3
[1.035s] -- Using PYTHON_INCLUDE_DIRS: /usr/include/python3.8
[1.035s] -- Using PYTHON_LIBRARIES: /usr/lib/x86_64-linux-gnu/libpython3.8.so
[1.052s] -- Found PythonExtra: .so  
[1.099s] -- Configuring done
[1.132s] -- Generating done
[1.134s] CMake Warning:
[1.134s]   Manually-specified variables were not used by the project:
[1.134s] 
[1.134s]     CATKIN_INSTALL_INTO_PREFIX_ROOT
[1.134s]     CATKIN_SYMLINK_INSTALL
[1.134s] 
[1.134s] 
[1.143s] -- Build files have been written to: /root/shared_dir/B2D_Demo/B2D_tcp/bbd_msgs/build/bbd_msgs
[1.147s] Invoked command in '/root/shared_dir/B2D_Demo/B2D_tcp/bbd_msgs/build/bbd_msgs' returned '0': /usr/bin/cmake /root/shared_dir/B2D_Demo/B2D_tcp/bbd_msgs -DCMAKE_BUILD_TYPE=Release -DCATKIN_INSTALL_INTO_PREFIX_ROOT=0 -DCATKIN_SYMLINK_INSTALL=ON -DCMAKE_INSTALL_PREFIX=/root/shared_dir/B2D_Demo/B2D_tcp/bbd_msgs/install/bbd_msgs
[1.149s] Invoking command in '/root/shared_dir/B2D_Demo/B2D_tcp/bbd_msgs/build/bbd_msgs': /usr/bin/cmake --build /root/shared_dir/B2D_Demo/B2D_tcp/bbd_msgs/build/bbd_msgs -- -j12 -l12
[1.178s] [  2%] [34m[1mGenerating C code for ROS interfaces[0m
[1.178s] [35m[1mScanning dependencies of target bbd_msgs__cpp[0m
[1.185s] [  4%] [34m[1mGenerating C++ code for ROS interfaces[0m
[1.508s] [  4%] Built target bbd_msgs__cpp
[1.516s] [  6%] [34m[1mGenerating C++ introspection for ROS interfaces[0m
[1.516s] [  8%] [34m[1mGenerating C++ type support dispatch for ROS interfaces[0m
[1.517s] [ 10%] [34m[1mGenerating C++ type support for eProsima Fast-RTPS[0m
[1.553s] [35m[1mScanning dependencies of target bbd_msgs__rosidl_generator_c[0m
[1.565s] [ 12%] [32mBuilding C object CMakeFiles/bbd_msgs__rosidl_generator_c.dir/rosidl_generator_c/bbd_msgs/msg/detail/tick_trigger__functions.c.o[0m
[1.565s] [ 14%] [32mBuilding C object CMakeFiles/bbd_msgs__rosidl_generator_c.dir/rosidl_generator_c/bbd_msgs/msg/detail/bbd_backbone_output__functions.c.o[0m
[1.565s] [ 17%] [32mBuilding C object CMakeFiles/bbd_msgs__rosidl_generator_c.dir/rosidl_generator_c/bbd_msgs/msg/detail/bbd_branch_output__functions.c.o[0m
[1.669s] [ 19%] [32m[1mLinking C shared library libbbd_msgs__rosidl_generator_c.so[0m
[1.703s] [ 19%] Built target bbd_msgs__rosidl_generator_c
[1.711s] [ 21%] [34m[1mGenerating C introspection for ROS interfaces[0m
[1.713s] [ 23%] [34m[1mGenerating C type support dispatch for ROS interfaces[0m
[1.878s] [35m[1mScanning dependencies of target bbd_msgs__rosidl_typesupport_cpp[0m
[1.891s] [ 27%] [32mBuilding CXX object CMakeFiles/bbd_msgs__rosidl_typesupport_cpp.dir/rosidl_typesupport_cpp/bbd_msgs/msg/bbd_branch_output__type_support.cpp.o[0m
[1.891s] [ 27%] [32mBuilding CXX object CMakeFiles/bbd_msgs__rosidl_typesupport_cpp.dir/rosidl_typesupport_cpp/bbd_msgs/msg/bbd_backbone_output__type_support.cpp.o[0m
[1.892s] [ 29%] [32mBuilding CXX object CMakeFiles/bbd_msgs__rosidl_typesupport_cpp.dir/rosidl_typesupport_cpp/bbd_msgs/msg/tick_trigger__type_support.cpp.o[0m
[1.908s] [35m[1mScanning dependencies of target bbd_msgs__rosidl_typesupport_fastrtps_cpp[0m
[1.937s] [ 34%] [32mBuilding CXX object CMakeFiles/bbd_msgs__rosidl_typesupport_fastrtps_cpp.dir/rosidl_typesupport_fastrtps_cpp/bbd_msgs/msg/detail/dds_fastrtps/tick_trigger__type_support.cpp.o[0m
[1.937s] [ 34%] [32mBuilding CXX object CMakeFiles/bbd_msgs__rosidl_typesupport_fastrtps_cpp.dir/rosidl_typesupport_fastrtps_cpp/bbd_msgs/msg/detail/dds_fastrtps/bbd_branch_output__type_support.cpp.o[0m
[1.939s] [ 36%] [32mBuilding CXX object CMakeFiles/bbd_msgs__rosidl_typesupport_fastrtps_cpp.dir/rosidl_typesupport_fastrtps_cpp/bbd_msgs/msg/detail/dds_fastrtps/bbd_backbone_output__type_support.cpp.o[0m
[1.960s] [35m[1mScanning dependencies of target bbd_msgs__rosidl_typesupport_introspection_cpp[0m
[1.977s] [ 38%] [32mBuilding CXX object CMakeFiles/bbd_msgs__rosidl_typesupport_introspection_cpp.dir/rosidl_typesupport_introspection_cpp/bbd_msgs/msg/detail/bbd_branch_output__type_support.cpp.o[0m
[1.980s] [ 40%] [32mBuilding CXX object CMakeFiles/bbd_msgs__rosidl_typesupport_introspection_cpp.dir/rosidl_typesupport_introspection_cpp/bbd_msgs/msg/detail/bbd_backbone_output__type_support.cpp.o[0m
[1.987s] [ 42%] [32mBuilding CXX object CMakeFiles/bbd_msgs__rosidl_typesupport_introspection_cpp.dir/rosidl_typesupport_introspection_cpp/bbd_msgs/msg/detail/tick_trigger__type_support.cpp.o[0m
[2.183s] [35m[1mScanning dependencies of target bbd_msgs__rosidl_typesupport_c[0m
[2.202s] [ 44%] [32mBuilding CXX object CMakeFiles/bbd_msgs__rosidl_typesupport_c.dir/rosidl_typesupport_c/bbd_msgs/msg/bbd_backbone_output__type_support.cpp.o[0m
[2.206s] [ 46%] [32mBuilding CXX object CMakeFiles/bbd_msgs__rosidl_typesupport_c.dir/rosidl_typesupport_c/bbd_msgs/msg/tick_trigger__type_support.cpp.o[0m
[2.206s] [ 48%] [32mBuilding CXX object CMakeFiles/bbd_msgs__rosidl_typesupport_c.dir/rosidl_typesupport_c/bbd_msgs/msg/bbd_branch_output__type_support.cpp.o[0m
[2.210s] [ 51%] [32m[1mLinking CXX shared library libbbd_msgs__rosidl_typesupport_cpp.so[0m
[2.211s] [35m[1mScanning dependencies of target bbd_msgs__rosidl_typesupport_introspection_c[0m
[2.236s] [ 53%] [32mBuilding C object CMakeFiles/bbd_msgs__rosidl_typesupport_introspection_c.dir/rosidl_typesupport_introspection_c/bbd_msgs/msg/detail/bbd_backbone_output__type_support.c.o[0m
[2.243s] [ 55%] [32mBuilding C object CMakeFiles/bbd_msgs__rosidl_typesupport_introspection_c.dir/rosidl_typesupport_introspection_c/bbd_msgs/msg/detail/bbd_branch_output__type_support.c.o[0m
[2.246s] [ 57%] [32mBuilding C object CMakeFiles/bbd_msgs__rosidl_typesupport_introspection_c.dir/rosidl_typesupport_introspection_c/bbd_msgs/msg/detail/tick_trigger__type_support.c.o[0m
[2.255s] [ 59%] [32m[1mLinking CXX shared library libbbd_msgs__rosidl_typesupport_c.so[0m
[2.271s] [ 59%] Built target bbd_msgs__rosidl_typesupport_cpp
[2.287s] [ 61%] [32m[1mLinking C shared library libbbd_msgs__rosidl_typesupport_introspection_c.so[0m
[2.301s] [ 61%] Built target bbd_msgs__rosidl_typesupport_c
[2.309s] [ 61%] Built target bbd_msgs__rosidl_typesupport_introspection_c
[2.371s] [ 63%] [32m[1mLinking CXX shared library libbbd_msgs__rosidl_typesupport_introspection_cpp.so[0m
[2.406s] [ 65%] [32m[1mLinking CXX shared library libbbd_msgs__rosidl_typesupport_fastrtps_cpp.so[0m
[2.419s] [ 65%] Built target bbd_msgs__rosidl_typesupport_introspection_cpp
[2.463s] [ 65%] Built target bbd_msgs__rosidl_typesupport_fastrtps_cpp
[2.469s] [ 68%] [34m[1mGenerating C type support for eProsima Fast-RTPS[0m
[2.760s] [35m[1mScanning dependencies of target bbd_msgs__rosidl_typesupport_fastrtps_c[0m
[2.771s] [ 72%] [32mBuilding CXX object CMakeFiles/bbd_msgs__rosidl_typesupport_fastrtps_c.dir/rosidl_typesupport_fastrtps_c/bbd_msgs/msg/detail/bbd_branch_output__type_support_c.cpp.o[0m
[2.771s] [ 72%] [32mBuilding CXX object CMakeFiles/bbd_msgs__rosidl_typesupport_fastrtps_c.dir/rosidl_typesupport_fastrtps_c/bbd_msgs/msg/detail/bbd_backbone_output__type_support_c.cpp.o[0m
[2.773s] [ 74%] [32mBuilding CXX object CMakeFiles/bbd_msgs__rosidl_typesupport_fastrtps_c.dir/rosidl_typesupport_fastrtps_c/bbd_msgs/msg/detail/tick_trigger__type_support_c.cpp.o[0m
[3.007s] [ 76%] [32m[1mLinking CXX shared library libbbd_msgs__rosidl_typesupport_fastrtps_c.so[0m
[3.064s] [ 76%] Built target bbd_msgs__rosidl_typesupport_fastrtps_c
[3.071s] [35m[1mScanning dependencies of target bbd_msgs[0m
[3.077s] [ 76%] Built target bbd_msgs
[3.086s] [35m[1mScanning dependencies of target bbd_msgs__py[0m
[3.093s] [ 78%] [34m[1mGenerating Python code for ROS interfaces[0m
[3.637s] [ 78%] Built target bbd_msgs__py
[3.645s] [35m[1mScanning dependencies of target bbd_msgs__python[0m
[3.663s] [ 82%] [32mBuilding C object CMakeFiles/bbd_msgs__python.dir/rosidl_generator_py/bbd_msgs/msg/_bbd_backbone_output_s.c.o[0m
[3.663s] [ 85%] [32mBuilding C object CMakeFiles/bbd_msgs__python.dir/rosidl_generator_py/bbd_msgs/msg/_tick_trigger_s.c.o[0m
[3.663s] [ 85%] [32mBuilding C object CMakeFiles/bbd_msgs__python.dir/rosidl_generator_py/bbd_msgs/msg/_bbd_branch_output_s.c.o[0m
[3.810s] [ 87%] [32m[1mLinking C shared library rosidl_generator_py/bbd_msgs/libbbd_msgs__python.so[0m
[3.839s] [ 87%] Built target bbd_msgs__python
[3.846s] [35m[1mScanning dependencies of target bbd_msgs__rosidl_typesupport_introspection_c__pyext[0m
[3.846s] [35m[1mScanning dependencies of target bbd_msgs__rosidl_typesupport_c__pyext[0m
[3.846s] [35m[1mScanning dependencies of target bbd_msgs__rosidl_typesupport_fastrtps_c__pyext[0m
[3.858s] [ 89%] [32mBuilding C object CMakeFiles/bbd_msgs__rosidl_typesupport_introspection_c__pyext.dir/rosidl_generator_py/bbd_msgs/_bbd_msgs_s.ep.rosidl_typesupport_introspection_c.c.o[0m
[3.859s] [ 91%] [32mBuilding C object CMakeFiles/bbd_msgs__rosidl_typesupport_c__pyext.dir/rosidl_generator_py/bbd_msgs/_bbd_msgs_s.ep.rosidl_typesupport_c.c.o[0m
[3.859s] [ 93%] [32mBuilding C object CMakeFiles/bbd_msgs__rosidl_typesupport_fastrtps_c__pyext.dir/rosidl_generator_py/bbd_msgs/_bbd_msgs_s.ep.rosidl_typesupport_fastrtps_c.c.o[0m
[3.936s] [ 95%] [32m[1mLinking C shared library rosidl_generator_py/bbd_msgs/bbd_msgs_s__rosidl_typesupport_c.cpython-38-x86_64-linux-gnu.so[0m
[3.937s] [ 97%] [32m[1mLinking C shared library rosidl_generator_py/bbd_msgs/bbd_msgs_s__rosidl_typesupport_introspection_c.cpython-38-x86_64-linux-gnu.so[0m
[3.940s] [100%] [32m[1mLinking CXX shared library rosidl_generator_py/bbd_msgs/bbd_msgs_s__rosidl_typesupport_fastrtps_c.cpython-38-x86_64-linux-gnu.so[0m
[3.961s] [100%] Built target bbd_msgs__rosidl_typesupport_c__pyext
[3.961s] [100%] Built target bbd_msgs__rosidl_typesupport_introspection_c__pyext
[3.985s] [100%] Built target bbd_msgs__rosidl_typesupport_fastrtps_c__pyext
[3.993s] Invoked command in '/root/shared_dir/B2D_Demo/B2D_tcp/bbd_msgs/build/bbd_msgs' returned '0': /usr/bin/cmake --build /root/shared_dir/B2D_Demo/B2D_tcp/bbd_msgs/build/bbd_msgs -- -j12 -l12
[4.002s] Invoking command in '/root/shared_dir/B2D_Demo/B2D_tcp/bbd_msgs/build/bbd_msgs': /usr/bin/cmake --install /root/shared_dir/B2D_Demo/B2D_tcp/bbd_msgs/build/bbd_msgs
[4.008s] -- Install configuration: "Release"
[4.008s] -- Installing: /root/shared_dir/B2D_Demo/B2D_tcp/bbd_msgs/install/bbd_msgs/share/ament_index/resource_index/rosidl_interfaces/bbd_msgs
[4.008s] -- Installing: /root/shared_dir/B2D_Demo/B2D_tcp/bbd_msgs/install/bbd_msgs/include/bbd_msgs
[4.008s] -- Installing: /root/shared_dir/B2D_Demo/B2D_tcp/bbd_msgs/install/bbd_msgs/include/bbd_msgs/msg
[4.008s] -- Installing: /root/shared_dir/B2D_Demo/B2D_tcp/bbd_msgs/install/bbd_msgs/include/bbd_msgs/msg/detail
[4.008s] -- Installing: /root/shared_dir/B2D_Demo/B2D_tcp/bbd_msgs/install/bbd_msgs/include/bbd_msgs/msg/detail/tick_trigger__functions.c
[4.008s] -- Installing: /root/shared_dir/B2D_Demo/B2D_tcp/bbd_msgs/install/bbd_msgs/include/bbd_msgs/msg/detail/bbd_backbone_output__functions.h
[4.008s] -- Installing: /root/shared_dir/B2D_Demo/B2D_tcp/bbd_msgs/install/bbd_msgs/include/bbd_msgs/msg/detail/bbd_branch_output__functions.c
[4.008s] -- Installing: /root/shared_dir/B2D_Demo/B2D_tcp/bbd_msgs/install/bbd_msgs/include/bbd_msgs/msg/detail/tick_trigger__type_support.h
[4.008s] -- Installing: /root/shared_dir/B2D_Demo/B2D_tcp/bbd_msgs/install/bbd_msgs/include/bbd_msgs/msg/detail/tick_trigger__struct.h
[4.008s] -- Installing: /root/shared_dir/B2D_Demo/B2D_tcp/bbd_msgs/install/bbd_msgs/include/bbd_msgs/msg/detail/bbd_branch_output__type_support.h
[4.008s] -- Installing: /root/shared_dir/B2D_Demo/B2D_tcp/bbd_msgs/install/bbd_msgs/include/bbd_msgs/msg/detail/bbd_branch_output__functions.h
[4.008s] -- Installing: /root/shared_dir/B2D_Demo/B2D_tcp/bbd_msgs/install/bbd_msgs/include/bbd_msgs/msg/detail/bbd_branch_output__struct.h
[4.009s] -- Installing: /root/shared_dir/B2D_Demo/B2D_tcp/bbd_msgs/install/bbd_msgs/include/bbd_msgs/msg/detail/tick_trigger__functions.h
[4.009s] -- Installing: /root/shared_dir/B2D_Demo/B2D_tcp/bbd_msgs/install/bbd_msgs/include/bbd_msgs/msg/detail/bbd_backbone_output__type_support.h
[4.009s] -- Installing: /root/shared_dir/B2D_Demo/B2D_tcp/bbd_msgs/install/bbd_msgs/include/bbd_msgs/msg/detail/bbd_backbone_output__struct.h
[4.009s] -- Installing: /root/shared_dir/B2D_Demo/B2D_tcp/bbd_msgs/install/bbd_msgs/include/bbd_msgs/msg/detail/bbd_backbone_output__functions.c
[4.009s] -- Installing: /root/shared_dir/B2D_Demo/B2D_tcp/bbd_msgs/install/bbd_msgs/include/bbd_msgs/msg/rosidl_generator_c__visibility_control.h
[4.009s] -- Installing: /root/shared_dir/B2D_Demo/B2D_tcp/bbd_msgs/install/bbd_msgs/include/bbd_msgs/msg/bbd_branch_output.h
[4.009s] -- Installing: /root/shared_dir/B2D_Demo/B2D_tcp/bbd_msgs/install/bbd_msgs/include/bbd_msgs/msg/bbd_backbone_output.h
[4.009s] -- Installing: /root/shared_dir/B2D_Demo/B2D_tcp/bbd_msgs/install/bbd_msgs/include/bbd_msgs/msg/tick_trigger.h
[4.009s] -- Installing: /root/shared_dir/B2D_Demo/B2D_tcp/bbd_msgs/install/bbd_msgs/share/bbd_msgs/environment/library_path.sh
[4.009s] -- Installing: /root/shared_dir/B2D_Demo/B2D_tcp/bbd_msgs/install/bbd_msgs/share/bbd_msgs/environment/library_path.dsv
[4.009s] -- Installing: /root/shared_dir/B2D_Demo/B2D_tcp/bbd_msgs/install/bbd_msgs/lib/libbbd_msgs__rosidl_generator_c.so
[4.009s] -- Set runtime path of "/root/shared_dir/B2D_Demo/B2D_tcp/bbd_msgs/install/bbd_msgs/lib/libbbd_msgs__rosidl_generator_c.so" to ""
[4.009s] -- Up-to-date: /root/shared_dir/B2D_Demo/B2D_tcp/bbd_msgs/install/bbd_msgs/include/bbd_msgs
[4.009s] -- Up-to-date: /root/shared_dir/B2D_Demo/B2D_tcp/bbd_msgs/install/bbd_msgs/include/bbd_msgs/msg
[4.009s] -- Up-to-date: /root/shared_dir/B2D_Demo/B2D_tcp/bbd_msgs/install/bbd_msgs/include/bbd_msgs/msg/detail
[4.009s] -- Installing: /root/shared_dir/B2D_Demo/B2D_tcp/bbd_msgs/install/bbd_msgs/include/bbd_msgs/msg/detail/tick_trigger__rosidl_typesupport_fastrtps_c.h
[4.009s] -- Installing: /root/shared_dir/B2D_Demo/B2D_tcp/bbd_msgs/install/bbd_msgs/include/bbd_msgs/msg/detail/bbd_branch_output__rosidl_typesupport_fastrtps_c.h
[4.009s] -- Installing: /root/shared_dir/B2D_Demo/B2D_tcp/bbd_msgs/install/bbd_msgs/include/bbd_msgs/msg/detail/bbd_backbone_output__rosidl_typesupport_fastrtps_c.h
[4.009s] -- Installing: /root/shared_dir/B2D_Demo/B2D_tcp/bbd_msgs/install/bbd_msgs/include/bbd_msgs/msg/rosidl_typesupport_fastrtps_c__visibility_control.h
[4.009s] -- Installing: /root/shared_dir/B2D_Demo/B2D_tcp/bbd_msgs/install/bbd_msgs/lib/libbbd_msgs__rosidl_typesupport_fastrtps_c.so
[4.010s] -- Set runtime path of "/root/shared_dir/B2D_Demo/B2D_tcp/bbd_msgs/install/bbd_msgs/lib/libbbd_msgs__rosidl_typesupport_fastrtps_c.so" to ""
[4.010s] -- Up-to-date: /root/shared_dir/B2D_Demo/B2D_tcp/bbd_msgs/install/bbd_msgs/include/bbd_msgs
[4.010s] -- Up-to-date: /root/shared_dir/B2D_Demo/B2D_tcp/bbd_msgs/install/bbd_msgs/include/bbd_msgs/msg
[4.010s] -- Up-to-date: /root/shared_dir/B2D_Demo/B2D_tcp/bbd_msgs/install/bbd_msgs/include/bbd_msgs/msg/detail
[4.010s] -- Installing: /root/shared_dir/B2D_Demo/B2D_tcp/bbd_msgs/install/bbd_msgs/include/bbd_msgs/msg/detail/dds_fastrtps
[4.010s] -- Installing: /root/shared_dir/B2D_Demo/B2D_tcp/bbd_msgs/install/bbd_msgs/include/bbd_msgs/msg/detail/tick_trigger__rosidl_typesupport_fastrtps_cpp.hpp
[4.010s] -- Installing: /root/shared_dir/B2D_Demo/B2D_tcp/bbd_msgs/install/bbd_msgs/include/bbd_msgs/msg/detail/bbd_branch_output__rosidl_typesupport_fastrtps_cpp.hpp
[4.010s] -- Installing: /root/shared_dir/B2D_Demo/B2D_tcp/bbd_msgs/install/bbd_msgs/include/bbd_msgs/msg/detail/bbd_backbone_output__rosidl_typesupport_fastrtps_cpp.hpp
[4.010s] -- Installing: /root/shared_dir/B2D_Demo/B2D_tcp/bbd_msgs/install/bbd_msgs/include/bbd_msgs/msg/rosidl_typesupport_fastrtps_cpp__visibility_control.h
[4.010s] -- Installing: /root/shared_dir/B2D_Demo/B2D_tcp/bbd_msgs/install/bbd_msgs/lib/libbbd_msgs__rosidl_typesupport_fastrtps_cpp.so
[4.011s] -- Set runtime path of "/root/shared_dir/B2D_Demo/B2D_tcp/bbd_msgs/install/bbd_msgs/lib/libbbd_msgs__rosidl_typesupport_fastrtps_cpp.so" to ""
[4.011s] -- Up-to-date: /root/shared_dir/B2D_Demo/B2D_tcp/bbd_msgs/install/bbd_msgs/include/bbd_msgs
[4.011s] -- Up-to-date: /root/shared_dir/B2D_Demo/B2D_tcp/bbd_msgs/install/bbd_msgs/include/bbd_msgs/msg
[4.011s] -- Up-to-date: /root/shared_dir/B2D_Demo/B2D_tcp/bbd_msgs/install/bbd_msgs/include/bbd_msgs/msg/detail
[4.011s] -- Installing: /root/shared_dir/B2D_Demo/B2D_tcp/bbd_msgs/install/bbd_msgs/include/bbd_msgs/msg/detail/bbd_branch_output__type_support.c
[4.011s] -- Installing: /root/shared_dir/B2D_Demo/B2D_tcp/bbd_msgs/install/bbd_msgs/include/bbd_msgs/msg/detail/bbd_backbone_output__rosidl_typesupport_introspection_c.h
[4.011s] -- Installing: /root/shared_dir/B2D_Demo/B2D_tcp/bbd_msgs/install/bbd_msgs/include/bbd_msgs/msg/detail/bbd_backbone_output__type_support.c
[4.011s] -- Installing: /root/shared_dir/B2D_Demo/B2D_tcp/bbd_msgs/install/bbd_msgs/include/bbd_msgs/msg/detail/bbd_branch_output__rosidl_typesupport_introspection_c.h
[4.011s] -- Installing: /root/shared_dir/B2D_Demo/B2D_tcp/bbd_msgs/install/bbd_msgs/include/bbd_msgs/msg/detail/tick_trigger__rosidl_typesupport_introspection_c.h
[4.011s] -- Installing: /root/shared_dir/B2D_Demo/B2D_tcp/bbd_msgs/install/bbd_msgs/include/bbd_msgs/msg/detail/tick_trigger__type_support.c
[4.011s] -- Installing: /root/shared_dir/B2D_Demo/B2D_tcp/bbd_msgs/install/bbd_msgs/include/bbd_msgs/msg/rosidl_typesupport_introspection_c__visibility_control.h
[4.011s] -- Installing: /root/shared_dir/B2D_Demo/B2D_tcp/bbd_msgs/install/bbd_msgs/lib/libbbd_msgs__rosidl_typesupport_introspection_c.so
[4.011s] -- Set runtime path of "/root/shared_dir/B2D_Demo/B2D_tcp/bbd_msgs/install/bbd_msgs/lib/libbbd_msgs__rosidl_typesupport_introspection_c.so" to ""
[4.011s] -- Installing: /root/shared_dir/B2D_Demo/B2D_tcp/bbd_msgs/install/bbd_msgs/lib/libbbd_msgs__rosidl_typesupport_c.so
[4.011s] -- Set runtime path of "/root/shared_dir/B2D_Demo/B2D_tcp/bbd_msgs/install/bbd_msgs/lib/libbbd_msgs__rosidl_typesupport_c.so" to ""
[4.011s] -- Up-to-date: /root/shared_dir/B2D_Demo/B2D_tcp/bbd_msgs/install/bbd_msgs/include/bbd_msgs
[4.011s] -- Up-to-date: /root/shared_dir/B2D_Demo/B2D_tcp/bbd_msgs/install/bbd_msgs/include/bbd_msgs/msg
[4.011s] -- Up-to-date: /root/shared_dir/B2D_Demo/B2D_tcp/bbd_msgs/install/bbd_msgs/include/bbd_msgs/msg/detail
[4.011s] -- Installing: /root/shared_dir/B2D_Demo/B2D_tcp/bbd_msgs/install/bbd_msgs/include/bbd_msgs/msg/detail/tick_trigger__builder.hpp
[4.011s] -- Installing: /root/shared_dir/B2D_Demo/B2D_tcp/bbd_msgs/install/bbd_msgs/include/bbd_msgs/msg/detail/bbd_branch_output__traits.hpp
[4.011s] -- Installing: /root/shared_dir/B2D_Demo/B2D_tcp/bbd_msgs/install/bbd_msgs/include/bbd_msgs/msg/detail/bbd_backbone_output__builder.hpp
[4.011s] -- Installing: /root/shared_dir/B2D_Demo/B2D_tcp/bbd_msgs/install/bbd_msgs/include/bbd_msgs/msg/detail/bbd_backbone_output__traits.hpp
[4.011s] -- Installing: /root/shared_dir/B2D_Demo/B2D_tcp/bbd_msgs/install/bbd_msgs/include/bbd_msgs/msg/detail/bbd_branch_output__builder.hpp
[4.012s] -- Installing: /root/shared_dir/B2D_Demo/B2D_tcp/bbd_msgs/install/bbd_msgs/include/bbd_msgs/msg/detail/bbd_backbone_output__struct.hpp
[4.012s] -- Installing: /root/shared_dir/B2D_Demo/B2D_tcp/bbd_msgs/install/bbd_msgs/include/bbd_msgs/msg/detail/bbd_branch_output__type_support.hpp
[4.012s] -- Installing: /root/shared_dir/B2D_Demo/B2D_tcp/bbd_msgs/install/bbd_msgs/include/bbd_msgs/msg/detail/bbd_branch_output__struct.hpp
[4.012s] -- Installing: /root/shared_dir/B2D_Demo/B2D_tcp/bbd_msgs/install/bbd_msgs/include/bbd_msgs/msg/detail/tick_trigger__traits.hpp
[4.012s] -- Installing: /root/shared_dir/B2D_Demo/B2D_tcp/bbd_msgs/install/bbd_msgs/include/bbd_msgs/msg/detail/tick_trigger__type_support.hpp
[4.012s] -- Installing: /root/shared_dir/B2D_Demo/B2D_tcp/bbd_msgs/install/bbd_msgs/include/bbd_msgs/msg/detail/bbd_backbone_output__type_support.hpp
[4.012s] -- Installing: /root/shared_dir/B2D_Demo/B2D_tcp/bbd_msgs/install/bbd_msgs/include/bbd_msgs/msg/detail/tick_trigger__struct.hpp
[4.012s] -- Installing: /root/shared_dir/B2D_Demo/B2D_tcp/bbd_msgs/install/bbd_msgs/include/bbd_msgs/msg/bbd_branch_output.hpp
[4.012s] -- Installing: /root/shared_dir/B2D_Demo/B2D_tcp/bbd_msgs/install/bbd_msgs/include/bbd_msgs/msg/rosidl_generator_cpp__visibility_control.hpp
[4.012s] -- Installing: /root/shared_dir/B2D_Demo/B2D_tcp/bbd_msgs/install/bbd_msgs/include/bbd_msgs/msg/bbd_backbone_output.hpp
[4.012s] -- Installing: /root/shared_dir/B2D_Demo/B2D_tcp/bbd_msgs/install/bbd_msgs/include/bbd_msgs/msg/tick_trigger.hpp
[4.012s] -- Up-to-date: /root/shared_dir/B2D_Demo/B2D_tcp/bbd_msgs/install/bbd_msgs/include/bbd_msgs
[4.012s] -- Up-to-date: /root/shared_dir/B2D_Demo/B2D_tcp/bbd_msgs/install/bbd_msgs/include/bbd_msgs/msg
[4.012s] -- Up-to-date: /root/shared_dir/B2D_Demo/B2D_tcp/bbd_msgs/install/bbd_msgs/include/bbd_msgs/msg/detail
[4.012s] -- Installing: /root/shared_dir/B2D_Demo/B2D_tcp/bbd_msgs/install/bbd_msgs/include/bbd_msgs/msg/detail/bbd_branch_output__type_support.cpp
[4.012s] -- Installing: /root/shared_dir/B2D_Demo/B2D_tcp/bbd_msgs/install/bbd_msgs/include/bbd_msgs/msg/detail/bbd_backbone_output__type_support.cpp
[4.012s] -- Installing: /root/shared_dir/B2D_Demo/B2D_tcp/bbd_msgs/install/bbd_msgs/include/bbd_msgs/msg/detail/bbd_branch_output__rosidl_typesupport_introspection_cpp.hpp
[4.012s] -- Installing: /root/shared_dir/B2D_Demo/B2D_tcp/bbd_msgs/install/bbd_msgs/include/bbd_msgs/msg/detail/bbd_backbone_output__rosidl_typesupport_introspection_cpp.hpp
[4.012s] -- Installing: /root/shared_dir/B2D_Demo/B2D_tcp/bbd_msgs/install/bbd_msgs/include/bbd_msgs/msg/detail/tick_trigger__type_support.cpp
[4.012s] -- Installing: /root/shared_dir/B2D_Demo/B2D_tcp/bbd_msgs/install/bbd_msgs/include/bbd_msgs/msg/detail/tick_trigger__rosidl_typesupport_introspection_cpp.hpp
[4.012s] -- Installing: /root/shared_dir/B2D_Demo/B2D_tcp/bbd_msgs/install/bbd_msgs/lib/libbbd_msgs__rosidl_typesupport_introspection_cpp.so
[4.013s] -- Set runtime path of "/root/shared_dir/B2D_Demo/B2D_tcp/bbd_msgs/install/bbd_msgs/lib/libbbd_msgs__rosidl_typesupport_introspection_cpp.so" to ""
[4.013s] -- Installing: /root/shared_dir/B2D_Demo/B2D_tcp/bbd_msgs/install/bbd_msgs/lib/libbbd_msgs__rosidl_typesupport_cpp.so
[4.013s] -- Set runtime path of "/root/shared_dir/B2D_Demo/B2D_tcp/bbd_msgs/install/bbd_msgs/lib/libbbd_msgs__rosidl_typesupport_cpp.so" to ""
[4.013s] -- Installing: /root/shared_dir/B2D_Demo/B2D_tcp/bbd_msgs/install/bbd_msgs/share/bbd_msgs/environment/pythonpath.sh
[4.013s] -- Installing: /root/shared_dir/B2D_Demo/B2D_tcp/bbd_msgs/install/bbd_msgs/share/bbd_msgs/environment/pythonpath.dsv
[4.013s] -- Installing: /root/shared_dir/B2D_Demo/B2D_tcp/bbd_msgs/install/bbd_msgs/lib/python3.8/site-packages/bbd_msgs/__init__.py
[4.042s] Compiling '/root/shared_dir/B2D_Demo/B2D_tcp/bbd_msgs/install/bbd_msgs/lib/python3.8/site-packages/bbd_msgs/__init__.py'...
[4.045s] -- Installing: /root/shared_dir/B2D_Demo/B2D_tcp/bbd_msgs/install/bbd_msgs/lib/python3.8/site-packages/bbd_msgs/msg
[4.045s] -- Installing: /root/shared_dir/B2D_Demo/B2D_tcp/bbd_msgs/install/bbd_msgs/lib/python3.8/site-packages/bbd_msgs/msg/_tick_trigger.py
[4.046s] -- Installing: /root/shared_dir/B2D_Demo/B2D_tcp/bbd_msgs/install/bbd_msgs/lib/python3.8/site-packages/bbd_msgs/msg/__init__.py
[4.046s] -- Installing: /root/shared_dir/B2D_Demo/B2D_tcp/bbd_msgs/install/bbd_msgs/lib/python3.8/site-packages/bbd_msgs/msg/_bbd_backbone_output.py
[4.046s] -- Installing: /root/shared_dir/B2D_Demo/B2D_tcp/bbd_msgs/install/bbd_msgs/lib/python3.8/site-packages/bbd_msgs/msg/_bbd_branch_output.py
[4.046s] -- Installing: /root/shared_dir/B2D_Demo/B2D_tcp/bbd_msgs/install/bbd_msgs/lib/python3.8/site-packages/bbd_msgs/msg/_bbd_backbone_output_s.c
[4.046s] -- Installing: /root/shared_dir/B2D_Demo/B2D_tcp/bbd_msgs/install/bbd_msgs/lib/python3.8/site-packages/bbd_msgs/msg/_tick_trigger_s.c
[4.046s] -- Installing: /root/shared_dir/B2D_Demo/B2D_tcp/bbd_msgs/install/bbd_msgs/lib/python3.8/site-packages/bbd_msgs/msg/_bbd_branch_output_s.c
[4.046s] -- Installing: /root/shared_dir/B2D_Demo/B2D_tcp/bbd_msgs/install/bbd_msgs/lib/python3.8/site-packages/bbd_msgs/bbd_msgs_s__rosidl_typesupport_fastrtps_c.cpython-38-x86_64-linux-gnu.so
[4.046s] -- Set runtime path of "/root/shared_dir/B2D_Demo/B2D_tcp/bbd_msgs/install/bbd_msgs/lib/python3.8/site-packages/bbd_msgs/bbd_msgs_s__rosidl_typesupport_fastrtps_c.cpython-38-x86_64-linux-gnu.so" to ""
[4.046s] -- Installing: /root/shared_dir/B2D_Demo/B2D_tcp/bbd_msgs/install/bbd_msgs/lib/python3.8/site-packages/bbd_msgs/bbd_msgs_s__rosidl_typesupport_introspection_c.cpython-38-x86_64-linux-gnu.so
[4.047s] -- Set runtime path of "/root/shared_dir/B2D_Demo/B2D_tcp/bbd_msgs/install/bbd_msgs/lib/python3.8/site-packages/bbd_msgs/bbd_msgs_s__rosidl_typesupport_introspection_c.cpython-38-x86_64-linux-gnu.so" to ""
[4.047s] -- Installing: /root/shared_dir/B2D_Demo/B2D_tcp/bbd_msgs/install/bbd_msgs/lib/python3.8/site-packages/bbd_msgs/bbd_msgs_s__rosidl_typesupport_c.cpython-38-x86_64-linux-gnu.so
[4.047s] -- Set runtime path of "/root/shared_dir/B2D_Demo/B2D_tcp/bbd_msgs/install/bbd_msgs/lib/python3.8/site-packages/bbd_msgs/bbd_msgs_s__rosidl_typesupport_c.cpython-38-x86_64-linux-gnu.so" to ""
[4.047s] -- Installing: /root/shared_dir/B2D_Demo/B2D_tcp/bbd_msgs/install/bbd_msgs/lib/libbbd_msgs__python.so
[4.047s] -- Set runtime path of "/root/shared_dir/B2D_Demo/B2D_tcp/bbd_msgs/install/bbd_msgs/lib/libbbd_msgs__python.so" to ""
[4.047s] -- Installing: /root/shared_dir/B2D_Demo/B2D_tcp/bbd_msgs/install/bbd_msgs/share/bbd_msgs/msg/BBDBackboneOutput.idl
[4.048s] -- Installing: /root/shared_dir/B2D_Demo/B2D_tcp/bbd_msgs/install/bbd_msgs/share/bbd_msgs/msg/BBDBranchOutput.idl
[4.048s] -- Installing: /root/shared_dir/B2D_Demo/B2D_tcp/bbd_msgs/install/bbd_msgs/share/bbd_msgs/msg/TickTrigger.idl
[4.048s] -- Installing: /root/shared_dir/B2D_Demo/B2D_tcp/bbd_msgs/install/bbd_msgs/share/bbd_msgs/msg/BBDBackboneOutput.msg
[4.048s] -- Installing: /root/shared_dir/B2D_Demo/B2D_tcp/bbd_msgs/install/bbd_msgs/share/bbd_msgs/msg/BBDBranchOutput.msg
[4.048s] -- Installing: /root/shared_dir/B2D_Demo/B2D_tcp/bbd_msgs/install/bbd_msgs/share/bbd_msgs/msg/TickTrigger.msg
[4.048s] -- Installing: /root/shared_dir/B2D_Demo/B2D_tcp/bbd_msgs/install/bbd_msgs/share/ament_index/resource_index/package_run_dependencies/bbd_msgs
[4.048s] -- Installing: /root/shared_dir/B2D_Demo/B2D_tcp/bbd_msgs/install/bbd_msgs/share/ament_index/resource_index/parent_prefix_path/bbd_msgs
[4.048s] -- Installing: /root/shared_dir/B2D_Demo/B2D_tcp/bbd_msgs/install/bbd_msgs/share/bbd_msgs/environment/ament_prefix_path.sh
[4.048s] -- Installing: /root/shared_dir/B2D_Demo/B2D_tcp/bbd_msgs/install/bbd_msgs/share/bbd_msgs/environment/ament_prefix_path.dsv
[4.048s] -- Installing: /root/shared_dir/B2D_Demo/B2D_tcp/bbd_msgs/install/bbd_msgs/share/bbd_msgs/environment/path.sh
[4.048s] -- Installing: /root/shared_dir/B2D_Demo/B2D_tcp/bbd_msgs/install/bbd_msgs/share/bbd_msgs/environment/path.dsv
[4.048s] -- Installing: /root/shared_dir/B2D_Demo/B2D_tcp/bbd_msgs/install/bbd_msgs/share/bbd_msgs/local_setup.bash
[4.048s] -- Installing: /root/shared_dir/B2D_Demo/B2D_tcp/bbd_msgs/install/bbd_msgs/share/bbd_msgs/local_setup.sh
[4.048s] -- Installing: /root/shared_dir/B2D_Demo/B2D_tcp/bbd_msgs/install/bbd_msgs/share/bbd_msgs/local_setup.zsh
[4.048s] -- Installing: /root/shared_dir/B2D_Demo/B2D_tcp/bbd_msgs/install/bbd_msgs/share/bbd_msgs/local_setup.dsv
[4.048s] -- Installing: /root/shared_dir/B2D_Demo/B2D_tcp/bbd_msgs/install/bbd_msgs/share/bbd_msgs/package.dsv
[4.049s] -- Installing: /root/shared_dir/B2D_Demo/B2D_tcp/bbd_msgs/install/bbd_msgs/share/ament_index/resource_index/packages/bbd_msgs
[4.049s] -- Installing: /root/shared_dir/B2D_Demo/B2D_tcp/bbd_msgs/install/bbd_msgs/share/bbd_msgs/cmake/bbd_msgs__rosidl_generator_cExport.cmake
[4.049s] -- Installing: /root/shared_dir/B2D_Demo/B2D_tcp/bbd_msgs/install/bbd_msgs/share/bbd_msgs/cmake/bbd_msgs__rosidl_generator_cExport-release.cmake
[4.049s] -- Installing: /root/shared_dir/B2D_Demo/B2D_tcp/bbd_msgs/install/bbd_msgs/share/bbd_msgs/cmake/bbd_msgs__rosidl_typesupport_introspection_cExport.cmake
[4.049s] -- Installing: /root/shared_dir/B2D_Demo/B2D_tcp/bbd_msgs/install/bbd_msgs/share/bbd_msgs/cmake/bbd_msgs__rosidl_typesupport_introspection_cExport-release.cmake
[4.049s] -- Installing: /root/shared_dir/B2D_Demo/B2D_tcp/bbd_msgs/install/bbd_msgs/share/bbd_msgs/cmake/bbd_msgs__rosidl_typesupport_cExport.cmake
[4.049s] -- Installing: /root/shared_dir/B2D_Demo/B2D_tcp/bbd_msgs/install/bbd_msgs/share/bbd_msgs/cmake/bbd_msgs__rosidl_typesupport_cExport-release.cmake
[4.049s] -- Installing: /root/shared_dir/B2D_Demo/B2D_tcp/bbd_msgs/install/bbd_msgs/share/bbd_msgs/cmake/bbd_msgs__rosidl_generator_cppExport.cmake
[4.049s] -- Installing: /root/shared_dir/B2D_Demo/B2D_tcp/bbd_msgs/install/bbd_msgs/share/bbd_msgs/cmake/bbd_msgs__rosidl_typesupport_introspection_cppExport.cmake
[4.049s] -- Installing: /root/shared_dir/B2D_Demo/B2D_tcp/bbd_msgs/install/bbd_msgs/share/bbd_msgs/cmake/bbd_msgs__rosidl_typesupport_introspection_cppExport-release.cmake
[4.050s] -- Installing: /root/shared_dir/B2D_Demo/B2D_tcp/bbd_msgs/install/bbd_msgs/share/bbd_msgs/cmake/bbd_msgs__rosidl_typesupport_cppExport.cmake
[4.050s] -- Installing: /root/shared_dir/B2D_Demo/B2D_tcp/bbd_msgs/install/bbd_msgs/share/bbd_msgs/cmake/bbd_msgs__rosidl_typesupport_cppExport-release.cmake
[4.050s] -- Installing: /root/shared_dir/B2D_Demo/B2D_tcp/bbd_msgs/install/bbd_msgs/share/bbd_msgs/cmake/rosidl_cmake-extras.cmake
[4.050s] -- Installing: /root/shared_dir/B2D_Demo/B2D_tcp/bbd_msgs/install/bbd_msgs/share/bbd_msgs/cmake/ament_cmake_export_dependencies-extras.cmake
[4.050s] -- Installing: /root/shared_dir/B2D_Demo/B2D_tcp/bbd_msgs/install/bbd_msgs/share/bbd_msgs/cmake/ament_cmake_export_libraries-extras.cmake
[4.050s] -- Installing: /root/shared_dir/B2D_Demo/B2D_tcp/bbd_msgs/install/bbd_msgs/share/bbd_msgs/cmake/ament_cmake_export_targets-extras.cmake
[4.050s] -- Installing: /root/shared_dir/B2D_Demo/B2D_tcp/bbd_msgs/install/bbd_msgs/share/bbd_msgs/cmake/ament_cmake_export_include_directories-extras.cmake
[4.050s] -- Installing: /root/shared_dir/B2D_Demo/B2D_tcp/bbd_msgs/install/bbd_msgs/share/bbd_msgs/cmake/rosidl_cmake_export_typesupport_libraries-extras.cmake
[4.050s] -- Installing: /root/shared_dir/B2D_Demo/B2D_tcp/bbd_msgs/install/bbd_msgs/share/bbd_msgs/cmake/rosidl_cmake_export_typesupport_targets-extras.cmake
[4.050s] -- Installing: /root/shared_dir/B2D_Demo/B2D_tcp/bbd_msgs/install/bbd_msgs/share/bbd_msgs/cmake/bbd_msgsConfig.cmake
[4.050s] -- Installing: /root/shared_dir/B2D_Demo/B2D_tcp/bbd_msgs/install/bbd_msgs/share/bbd_msgs/cmake/bbd_msgsConfig-version.cmake
[4.050s] -- Installing: /root/shared_dir/B2D_Demo/B2D_tcp/bbd_msgs/install/bbd_msgs/share/bbd_msgs/package.xml
[4.051s] Invoked command in '/root/shared_dir/B2D_Demo/B2D_tcp/bbd_msgs/build/bbd_msgs' returned '0': /usr/bin/cmake --install /root/shared_dir/B2D_Demo/B2D_tcp/bbd_msgs/build/bbd_msgs
