[0.008s] Invoking command in '/root/shared_dir/B2D_Demo/B2D_tcp_uniad/bbd_msgs/build/bbd_msgs': /usr/bin/cmake /root/shared_dir/B2D_Demo/B2D_tcp_uniad/bbd_msgs -DCMAKE_BUILD_TYPE=Release -DCATKIN_INSTALL_INTO_PREFIX_ROOT=0 -DCATKIN_SYMLINK_INSTALL=ON -DCMAKE_INSTALL_PREFIX=/root/shared_dir/B2D_Demo/B2D_tcp_uniad/bbd_msgs/install/bbd_msgs
[0.207s] -- The C compiler identification is GNU 9.4.0
[0.317s] -- The CXX compiler identification is GNU 9.4.0
[0.322s] -- Check for working C compiler: /usr/bin/cc
[0.389s] -- Check for working C compiler: /usr/bin/cc -- works
[0.390s] -- Detecting C compiler ABI info
[0.446s] -- Detecting C compiler ABI info - done
[0.454s] -- Detecting C compile features
[0.454s] -- Detecting C compile features - done
[0.456s] -- Check for working CXX compiler: /usr/bin/c++
[0.515s] -- Check for working CXX compiler: /usr/bin/c++ -- works
[0.516s] -- Detecting CXX compiler ABI info
[0.564s] -- Detecting CXX compiler ABI info - done
[0.571s] -- Detecting CXX compile features
[0.571s] -- Detecting CXX compile features - done
[0.574s] -- Found ament_cmake: 0.9.12 (/opt/ros/foxy/share/ament_cmake/cmake)
[0.593s] -- Found PythonInterp: /usr/bin/python3 (found suitable version "3.8.10", minimum required is "3") 
[0.593s] -- Using PYTHON_EXECUTABLE: /usr/bin/python3
[0.726s] -- Found std_msgs: 2.0.5 (/opt/ros/foxy/share/std_msgs/cmake)
[0.753s] -- Using all available rosidl_typesupport_c: rosidl_typesupport_fastrtps_c;rosidl_typesupport_introspection_c
[0.759s] -- Found rosidl_adapter: 1.3.1 (/opt/ros/foxy/share/rosidl_adapter/cmake)
[0.858s] -- Found OpenSSL: /usr/lib/x86_64-linux-gnu/libcrypto.so (found version "1.1.1f")  
[0.884s] -- Found FastRTPS: /opt/ros/foxy/include  
[0.941s] -- Using all available rosidl_typesupport_cpp: rosidl_typesupport_fastrtps_cpp;rosidl_typesupport_introspection_cpp
[0.972s] -- Found rosidl_default_generators: 1.0.1 (/opt/ros/foxy/share/rosidl_default_generators/cmake)
[0.994s] -- Found PythonInterp: /usr/bin/python3 (found version "3.8.10") 
[1.104s] -- Found ament_cmake_ros: 0.9.2 (/opt/ros/foxy/share/ament_cmake_ros/cmake)
[1.220s] -- Using all available rosidl_typesupport_c: rosidl_typesupport_fastrtps_c;rosidl_typesupport_introspection_c
[1.254s] -- Using all available rosidl_typesupport_cpp: rosidl_typesupport_fastrtps_cpp;rosidl_typesupport_introspection_cpp
[1.271s] -- Found PythonInterp: /usr/bin/python3 (found suitable version "3.8.10", minimum required is "3.5") 
[1.272s] -- Found python_cmake_module: 0.8.1 (/opt/ros/foxy/share/python_cmake_module/cmake)
[1.291s] -- Found PythonLibs: /usr/lib/x86_64-linux-gnu/libpython3.8.so (found suitable version "3.8.10", minimum required is "3.5") 
[1.291s] -- Using PYTHON_EXECUTABLE: /usr/bin/python3
[1.291s] -- Using PYTHON_INCLUDE_DIRS: /usr/include/python3.8
[1.291s] -- Using PYTHON_LIBRARIES: /usr/lib/x86_64-linux-gnu/libpython3.8.so
[1.305s] -- Found PythonExtra: .so  
[1.349s] -- Configuring done
[1.381s] -- Generating done
[1.383s] CMake Warning:
[1.383s]   Manually-specified variables were not used by the project:
[1.383s] 
[1.383s]     CATKIN_INSTALL_INTO_PREFIX_ROOT
[1.383s]     CATKIN_SYMLINK_INSTALL
[1.383s] 
[1.383s] 
[1.390s] -- Build files have been written to: /root/shared_dir/B2D_Demo/B2D_tcp_uniad/bbd_msgs/build/bbd_msgs
[1.394s] Invoked command in '/root/shared_dir/B2D_Demo/B2D_tcp_uniad/bbd_msgs/build/bbd_msgs' returned '0': /usr/bin/cmake /root/shared_dir/B2D_Demo/B2D_tcp_uniad/bbd_msgs -DCMAKE_BUILD_TYPE=Release -DCATKIN_INSTALL_INTO_PREFIX_ROOT=0 -DCATKIN_SYMLINK_INSTALL=ON -DCMAKE_INSTALL_PREFIX=/root/shared_dir/B2D_Demo/B2D_tcp_uniad/bbd_msgs/install/bbd_msgs
[1.396s] Invoking command in '/root/shared_dir/B2D_Demo/B2D_tcp_uniad/bbd_msgs/build/bbd_msgs': /usr/bin/cmake --build /root/shared_dir/B2D_Demo/B2D_tcp_uniad/bbd_msgs/build/bbd_msgs -- -j12 -l12
[1.419s] [35m[1mScanning dependencies of target bbd_msgs__cpp[0m
[1.419s] [  2%] [34m[1mGenerating C code for ROS interfaces[0m
[1.424s] [  4%] [34m[1mGenerating C++ code for ROS interfaces[0m
[1.688s] [  4%] Built target bbd_msgs__cpp
[1.694s] [ 10%] [34m[1mGenerating C++ type support for eProsima Fast-RTPS[0m
[1.694s] [ 10%] [34m[1mGenerating C++ introspection for ROS interfaces[0m
[1.694s] [ 10%] [34m[1mGenerating C++ type support dispatch for ROS interfaces[0m
[1.696s] [35m[1mScanning dependencies of target bbd_msgs__rosidl_generator_c[0m
[1.709s] [ 12%] [32mBuilding C object CMakeFiles/bbd_msgs__rosidl_generator_c.dir/rosidl_generator_c/bbd_msgs/msg/detail/bbd_backbone_output__functions.c.o[0m
[1.709s] [ 14%] [32mBuilding C object CMakeFiles/bbd_msgs__rosidl_generator_c.dir/rosidl_generator_c/bbd_msgs/msg/detail/tick_trigger__functions.c.o[0m
[1.711s] [ 17%] [32mBuilding C object CMakeFiles/bbd_msgs__rosidl_generator_c.dir/rosidl_generator_c/bbd_msgs/msg/detail/bbd_branch_output__functions.c.o[0m
[1.786s] [ 19%] [32m[1mLinking C shared library libbbd_msgs__rosidl_generator_c.so[0m
[1.812s] [ 19%] Built target bbd_msgs__rosidl_generator_c
[1.818s] [ 23%] [34m[1mGenerating C introspection for ROS interfaces[0m
[1.818s] [ 23%] [34m[1mGenerating C type support dispatch for ROS interfaces[0m
[1.938s] [35m[1mScanning dependencies of target bbd_msgs__rosidl_typesupport_cpp[0m
[1.950s] [ 25%] [32mBuilding CXX object CMakeFiles/bbd_msgs__rosidl_typesupport_cpp.dir/rosidl_typesupport_cpp/bbd_msgs/msg/bbd_backbone_output__type_support.cpp.o[0m
[1.950s] [ 27%] [32mBuilding CXX object CMakeFiles/bbd_msgs__rosidl_typesupport_cpp.dir/rosidl_typesupport_cpp/bbd_msgs/msg/bbd_branch_output__type_support.cpp.o[0m
[1.951s] [ 29%] [32mBuilding CXX object CMakeFiles/bbd_msgs__rosidl_typesupport_cpp.dir/rosidl_typesupport_cpp/bbd_msgs/msg/tick_trigger__type_support.cpp.o[0m
[1.953s] [35m[1mScanning dependencies of target bbd_msgs__rosidl_typesupport_introspection_cpp[0m
[1.963s] [ 31%] [32mBuilding CXX object CMakeFiles/bbd_msgs__rosidl_typesupport_introspection_cpp.dir/rosidl_typesupport_introspection_cpp/bbd_msgs/msg/detail/bbd_backbone_output__type_support.cpp.o[0m
[1.966s] [ 34%] [32mBuilding CXX object CMakeFiles/bbd_msgs__rosidl_typesupport_introspection_cpp.dir/rosidl_typesupport_introspection_cpp/bbd_msgs/msg/detail/bbd_branch_output__type_support.cpp.o[0m
[1.970s] [ 36%] [32mBuilding CXX object CMakeFiles/bbd_msgs__rosidl_typesupport_introspection_cpp.dir/rosidl_typesupport_introspection_cpp/bbd_msgs/msg/detail/tick_trigger__type_support.cpp.o[0m
[1.971s] [35m[1mScanning dependencies of target bbd_msgs__rosidl_typesupport_fastrtps_cpp[0m
[1.985s] [ 38%] [32mBuilding CXX object CMakeFiles/bbd_msgs__rosidl_typesupport_fastrtps_cpp.dir/rosidl_typesupport_fastrtps_cpp/bbd_msgs/msg/detail/dds_fastrtps/bbd_backbone_output__type_support.cpp.o[0m
[1.985s] [ 40%] [32mBuilding CXX object CMakeFiles/bbd_msgs__rosidl_typesupport_fastrtps_cpp.dir/rosidl_typesupport_fastrtps_cpp/bbd_msgs/msg/detail/dds_fastrtps/bbd_branch_output__type_support.cpp.o[0m
[1.990s] [ 42%] [32mBuilding CXX object CMakeFiles/bbd_msgs__rosidl_typesupport_fastrtps_cpp.dir/rosidl_typesupport_fastrtps_cpp/bbd_msgs/msg/detail/dds_fastrtps/tick_trigger__type_support.cpp.o[0m
[2.119s] [35m[1mScanning dependencies of target bbd_msgs__rosidl_typesupport_introspection_c[0m
[2.138s] [ 44%] [32mBuilding C object CMakeFiles/bbd_msgs__rosidl_typesupport_introspection_c.dir/rosidl_typesupport_introspection_c/bbd_msgs/msg/detail/bbd_backbone_output__type_support.c.o[0m
[2.140s] [ 46%] [32mBuilding C object CMakeFiles/bbd_msgs__rosidl_typesupport_introspection_c.dir/rosidl_typesupport_introspection_c/bbd_msgs/msg/detail/bbd_branch_output__type_support.c.o[0m
[2.155s] [35m[1mScanning dependencies of target bbd_msgs__rosidl_typesupport_c[0m
[2.170s] [ 48%] [32mBuilding CXX object CMakeFiles/bbd_msgs__rosidl_typesupport_c.dir/rosidl_typesupport_c/bbd_msgs/msg/bbd_backbone_output__type_support.cpp.o[0m
[2.177s] [ 51%] [32mBuilding C object CMakeFiles/bbd_msgs__rosidl_typesupport_introspection_c.dir/rosidl_typesupport_introspection_c/bbd_msgs/msg/detail/tick_trigger__type_support.c.o[0m
[2.182s] [ 53%] [32mBuilding CXX object CMakeFiles/bbd_msgs__rosidl_typesupport_c.dir/rosidl_typesupport_c/bbd_msgs/msg/bbd_branch_output__type_support.cpp.o[0m
[2.205s] [ 55%] [32mBuilding CXX object CMakeFiles/bbd_msgs__rosidl_typesupport_c.dir/rosidl_typesupport_c/bbd_msgs/msg/tick_trigger__type_support.cpp.o[0m
[2.214s] [ 57%] [32m[1mLinking C shared library libbbd_msgs__rosidl_typesupport_introspection_c.so[0m
[2.222s] [ 59%] [32m[1mLinking CXX shared library libbbd_msgs__rosidl_typesupport_cpp.so[0m
[2.228s] [ 61%] [32m[1mLinking CXX shared library libbbd_msgs__rosidl_typesupport_c.so[0m
[2.241s] [ 61%] Built target bbd_msgs__rosidl_typesupport_introspection_c
[2.258s] [ 61%] Built target bbd_msgs__rosidl_typesupport_cpp
[2.258s] [ 61%] Built target bbd_msgs__rosidl_typesupport_c
[2.283s] [ 63%] [32m[1mLinking CXX shared library libbbd_msgs__rosidl_typesupport_introspection_cpp.so[0m
[2.328s] [ 63%] Built target bbd_msgs__rosidl_typesupport_introspection_cpp
[2.356s] [ 65%] [32m[1mLinking CXX shared library libbbd_msgs__rosidl_typesupport_fastrtps_cpp.so[0m
[2.411s] [ 65%] Built target bbd_msgs__rosidl_typesupport_fastrtps_cpp
[2.417s] [ 68%] [34m[1mGenerating C type support for eProsima Fast-RTPS[0m
[2.671s] [35m[1mScanning dependencies of target bbd_msgs__rosidl_typesupport_fastrtps_c[0m
[2.716s] [ 70%] [32mBuilding CXX object CMakeFiles/bbd_msgs__rosidl_typesupport_fastrtps_c.dir/rosidl_typesupport_fastrtps_c/bbd_msgs/msg/detail/bbd_backbone_output__type_support_c.cpp.o[0m
[2.716s] [ 72%] [32mBuilding CXX object CMakeFiles/bbd_msgs__rosidl_typesupport_fastrtps_c.dir/rosidl_typesupport_fastrtps_c/bbd_msgs/msg/detail/bbd_branch_output__type_support_c.cpp.o[0m
[2.716s] [ 74%] [32mBuilding CXX object CMakeFiles/bbd_msgs__rosidl_typesupport_fastrtps_c.dir/rosidl_typesupport_fastrtps_c/bbd_msgs/msg/detail/tick_trigger__type_support_c.cpp.o[0m
[2.933s] [ 76%] [32m[1mLinking CXX shared library libbbd_msgs__rosidl_typesupport_fastrtps_c.so[0m
[2.984s] [ 76%] Built target bbd_msgs__rosidl_typesupport_fastrtps_c
[2.990s] [35m[1mScanning dependencies of target bbd_msgs[0m
[2.996s] [ 76%] Built target bbd_msgs
[3.001s] [35m[1mScanning dependencies of target bbd_msgs__py[0m
[3.009s] [ 78%] [34m[1mGenerating Python code for ROS interfaces[0m
[3.537s] [ 78%] Built target bbd_msgs__py
[3.542s] [35m[1mScanning dependencies of target bbd_msgs__python[0m
[3.583s] [ 80%] [32mBuilding C object CMakeFiles/bbd_msgs__python.dir/rosidl_generator_py/bbd_msgs/msg/_bbd_backbone_output_s.c.o[0m
[3.585s] [ 82%] [32mBuilding C object CMakeFiles/bbd_msgs__python.dir/rosidl_generator_py/bbd_msgs/msg/_bbd_branch_output_s.c.o[0m
[3.586s] [ 85%] [32mBuilding C object CMakeFiles/bbd_msgs__python.dir/rosidl_generator_py/bbd_msgs/msg/_tick_trigger_s.c.o[0m
[3.725s] [ 87%] [32m[1mLinking C shared library rosidl_generator_py/bbd_msgs/libbbd_msgs__python.so[0m
[3.752s] [ 87%] Built target bbd_msgs__python
[3.761s] [35m[1mScanning dependencies of target bbd_msgs__rosidl_typesupport_introspection_c__pyext[0m
[3.762s] [35m[1mScanning dependencies of target bbd_msgs__rosidl_typesupport_c__pyext[0m
[3.762s] [35m[1mScanning dependencies of target bbd_msgs__rosidl_typesupport_fastrtps_c__pyext[0m
[3.781s] [ 89%] [32mBuilding C object CMakeFiles/bbd_msgs__rosidl_typesupport_c__pyext.dir/rosidl_generator_py/bbd_msgs/_bbd_msgs_s.ep.rosidl_typesupport_c.c.o[0m
[3.781s] [ 91%] [32mBuilding C object CMakeFiles/bbd_msgs__rosidl_typesupport_introspection_c__pyext.dir/rosidl_generator_py/bbd_msgs/_bbd_msgs_s.ep.rosidl_typesupport_introspection_c.c.o[0m
[3.783s] [ 93%] [32mBuilding C object CMakeFiles/bbd_msgs__rosidl_typesupport_fastrtps_c__pyext.dir/rosidl_generator_py/bbd_msgs/_bbd_msgs_s.ep.rosidl_typesupport_fastrtps_c.c.o[0m
[3.860s] [ 97%] [32m[1mLinking C shared library rosidl_generator_py/bbd_msgs/bbd_msgs_s__rosidl_typesupport_introspection_c.cpython-38-x86_64-linux-gnu.so[0m
[3.861s] [ 97%] [32m[1mLinking C shared library rosidl_generator_py/bbd_msgs/bbd_msgs_s__rosidl_typesupport_c.cpython-38-x86_64-linux-gnu.so[0m
[3.861s] [100%] [32m[1mLinking CXX shared library rosidl_generator_py/bbd_msgs/bbd_msgs_s__rosidl_typesupport_fastrtps_c.cpython-38-x86_64-linux-gnu.so[0m
[3.883s] [100%] Built target bbd_msgs__rosidl_typesupport_introspection_c__pyext
[3.883s] [100%] Built target bbd_msgs__rosidl_typesupport_c__pyext
[3.900s] [100%] Built target bbd_msgs__rosidl_typesupport_fastrtps_c__pyext
[3.906s] Invoked command in '/root/shared_dir/B2D_Demo/B2D_tcp_uniad/bbd_msgs/build/bbd_msgs' returned '0': /usr/bin/cmake --build /root/shared_dir/B2D_Demo/B2D_tcp_uniad/bbd_msgs/build/bbd_msgs -- -j12 -l12
[3.913s] Invoking command in '/root/shared_dir/B2D_Demo/B2D_tcp_uniad/bbd_msgs/build/bbd_msgs': /usr/bin/cmake --install /root/shared_dir/B2D_Demo/B2D_tcp_uniad/bbd_msgs/build/bbd_msgs
[3.918s] -- Install configuration: "Release"
[3.918s] -- Installing: /root/shared_dir/B2D_Demo/B2D_tcp_uniad/bbd_msgs/install/bbd_msgs/share/ament_index/resource_index/rosidl_interfaces/bbd_msgs
[3.918s] -- Installing: /root/shared_dir/B2D_Demo/B2D_tcp_uniad/bbd_msgs/install/bbd_msgs/include/bbd_msgs
[3.918s] -- Installing: /root/shared_dir/B2D_Demo/B2D_tcp_uniad/bbd_msgs/install/bbd_msgs/include/bbd_msgs/msg
[3.918s] -- Installing: /root/shared_dir/B2D_Demo/B2D_tcp_uniad/bbd_msgs/install/bbd_msgs/include/bbd_msgs/msg/detail
[3.918s] -- Installing: /root/shared_dir/B2D_Demo/B2D_tcp_uniad/bbd_msgs/install/bbd_msgs/include/bbd_msgs/msg/detail/tick_trigger__functions.c
[3.918s] -- Installing: /root/shared_dir/B2D_Demo/B2D_tcp_uniad/bbd_msgs/install/bbd_msgs/include/bbd_msgs/msg/detail/bbd_backbone_output__functions.h
[3.919s] -- Installing: /root/shared_dir/B2D_Demo/B2D_tcp_uniad/bbd_msgs/install/bbd_msgs/include/bbd_msgs/msg/detail/bbd_branch_output__functions.c
[3.919s] -- Installing: /root/shared_dir/B2D_Demo/B2D_tcp_uniad/bbd_msgs/install/bbd_msgs/include/bbd_msgs/msg/detail/tick_trigger__type_support.h
[3.919s] -- Installing: /root/shared_dir/B2D_Demo/B2D_tcp_uniad/bbd_msgs/install/bbd_msgs/include/bbd_msgs/msg/detail/tick_trigger__struct.h
[3.919s] -- Installing: /root/shared_dir/B2D_Demo/B2D_tcp_uniad/bbd_msgs/install/bbd_msgs/include/bbd_msgs/msg/detail/bbd_branch_output__type_support.h
[3.919s] -- Installing: /root/shared_dir/B2D_Demo/B2D_tcp_uniad/bbd_msgs/install/bbd_msgs/include/bbd_msgs/msg/detail/bbd_branch_output__functions.h
[3.919s] -- Installing: /root/shared_dir/B2D_Demo/B2D_tcp_uniad/bbd_msgs/install/bbd_msgs/include/bbd_msgs/msg/detail/bbd_branch_output__struct.h
[3.919s] -- Installing: /root/shared_dir/B2D_Demo/B2D_tcp_uniad/bbd_msgs/install/bbd_msgs/include/bbd_msgs/msg/detail/tick_trigger__functions.h
[3.919s] -- Installing: /root/shared_dir/B2D_Demo/B2D_tcp_uniad/bbd_msgs/install/bbd_msgs/include/bbd_msgs/msg/detail/bbd_backbone_output__type_support.h
[3.919s] -- Installing: /root/shared_dir/B2D_Demo/B2D_tcp_uniad/bbd_msgs/install/bbd_msgs/include/bbd_msgs/msg/detail/bbd_backbone_output__struct.h
[3.919s] -- Installing: /root/shared_dir/B2D_Demo/B2D_tcp_uniad/bbd_msgs/install/bbd_msgs/include/bbd_msgs/msg/detail/bbd_backbone_output__functions.c
[3.919s] -- Installing: /root/shared_dir/B2D_Demo/B2D_tcp_uniad/bbd_msgs/install/bbd_msgs/include/bbd_msgs/msg/rosidl_generator_c__visibility_control.h
[3.919s] -- Installing: /root/shared_dir/B2D_Demo/B2D_tcp_uniad/bbd_msgs/install/bbd_msgs/include/bbd_msgs/msg/bbd_branch_output.h
[3.919s] -- Installing: /root/shared_dir/B2D_Demo/B2D_tcp_uniad/bbd_msgs/install/bbd_msgs/include/bbd_msgs/msg/bbd_backbone_output.h
[3.919s] -- Installing: /root/shared_dir/B2D_Demo/B2D_tcp_uniad/bbd_msgs/install/bbd_msgs/include/bbd_msgs/msg/tick_trigger.h
[3.919s] -- Installing: /root/shared_dir/B2D_Demo/B2D_tcp_uniad/bbd_msgs/install/bbd_msgs/share/bbd_msgs/environment/library_path.sh
[3.919s] -- Installing: /root/shared_dir/B2D_Demo/B2D_tcp_uniad/bbd_msgs/install/bbd_msgs/share/bbd_msgs/environment/library_path.dsv
[3.919s] -- Installing: /root/shared_dir/B2D_Demo/B2D_tcp_uniad/bbd_msgs/install/bbd_msgs/lib/libbbd_msgs__rosidl_generator_c.so
[3.919s] -- Set runtime path of "/root/shared_dir/B2D_Demo/B2D_tcp_uniad/bbd_msgs/install/bbd_msgs/lib/libbbd_msgs__rosidl_generator_c.so" to ""
[3.919s] -- Up-to-date: /root/shared_dir/B2D_Demo/B2D_tcp_uniad/bbd_msgs/install/bbd_msgs/include/bbd_msgs
[3.919s] -- Up-to-date: /root/shared_dir/B2D_Demo/B2D_tcp_uniad/bbd_msgs/install/bbd_msgs/include/bbd_msgs/msg
[3.919s] -- Up-to-date: /root/shared_dir/B2D_Demo/B2D_tcp_uniad/bbd_msgs/install/bbd_msgs/include/bbd_msgs/msg/detail
[3.919s] -- Installing: /root/shared_dir/B2D_Demo/B2D_tcp_uniad/bbd_msgs/install/bbd_msgs/include/bbd_msgs/msg/detail/tick_trigger__rosidl_typesupport_fastrtps_c.h
[3.919s] -- Installing: /root/shared_dir/B2D_Demo/B2D_tcp_uniad/bbd_msgs/install/bbd_msgs/include/bbd_msgs/msg/detail/bbd_branch_output__rosidl_typesupport_fastrtps_c.h
[3.919s] -- Installing: /root/shared_dir/B2D_Demo/B2D_tcp_uniad/bbd_msgs/install/bbd_msgs/include/bbd_msgs/msg/detail/bbd_backbone_output__rosidl_typesupport_fastrtps_c.h
[3.920s] -- Installing: /root/shared_dir/B2D_Demo/B2D_tcp_uniad/bbd_msgs/install/bbd_msgs/include/bbd_msgs/msg/rosidl_typesupport_fastrtps_c__visibility_control.h
[3.920s] -- Installing: /root/shared_dir/B2D_Demo/B2D_tcp_uniad/bbd_msgs/install/bbd_msgs/lib/libbbd_msgs__rosidl_typesupport_fastrtps_c.so
[3.920s] -- Set runtime path of "/root/shared_dir/B2D_Demo/B2D_tcp_uniad/bbd_msgs/install/bbd_msgs/lib/libbbd_msgs__rosidl_typesupport_fastrtps_c.so" to ""
[3.920s] -- Up-to-date: /root/shared_dir/B2D_Demo/B2D_tcp_uniad/bbd_msgs/install/bbd_msgs/include/bbd_msgs
[3.920s] -- Up-to-date: /root/shared_dir/B2D_Demo/B2D_tcp_uniad/bbd_msgs/install/bbd_msgs/include/bbd_msgs/msg
[3.920s] -- Up-to-date: /root/shared_dir/B2D_Demo/B2D_tcp_uniad/bbd_msgs/install/bbd_msgs/include/bbd_msgs/msg/detail
[3.920s] -- Installing: /root/shared_dir/B2D_Demo/B2D_tcp_uniad/bbd_msgs/install/bbd_msgs/include/bbd_msgs/msg/detail/dds_fastrtps
[3.920s] -- Installing: /root/shared_dir/B2D_Demo/B2D_tcp_uniad/bbd_msgs/install/bbd_msgs/include/bbd_msgs/msg/detail/tick_trigger__rosidl_typesupport_fastrtps_cpp.hpp
[3.920s] -- Installing: /root/shared_dir/B2D_Demo/B2D_tcp_uniad/bbd_msgs/install/bbd_msgs/include/bbd_msgs/msg/detail/bbd_branch_output__rosidl_typesupport_fastrtps_cpp.hpp
[3.920s] -- Installing: /root/shared_dir/B2D_Demo/B2D_tcp_uniad/bbd_msgs/install/bbd_msgs/include/bbd_msgs/msg/detail/bbd_backbone_output__rosidl_typesupport_fastrtps_cpp.hpp
[3.920s] -- Installing: /root/shared_dir/B2D_Demo/B2D_tcp_uniad/bbd_msgs/install/bbd_msgs/include/bbd_msgs/msg/rosidl_typesupport_fastrtps_cpp__visibility_control.h
[3.920s] -- Installing: /root/shared_dir/B2D_Demo/B2D_tcp_uniad/bbd_msgs/install/bbd_msgs/lib/libbbd_msgs__rosidl_typesupport_fastrtps_cpp.so
[3.920s] -- Set runtime path of "/root/shared_dir/B2D_Demo/B2D_tcp_uniad/bbd_msgs/install/bbd_msgs/lib/libbbd_msgs__rosidl_typesupport_fastrtps_cpp.so" to ""
[3.920s] -- Up-to-date: /root/shared_dir/B2D_Demo/B2D_tcp_uniad/bbd_msgs/install/bbd_msgs/include/bbd_msgs
[3.920s] -- Up-to-date: /root/shared_dir/B2D_Demo/B2D_tcp_uniad/bbd_msgs/install/bbd_msgs/include/bbd_msgs/msg
[3.920s] -- Up-to-date: /root/shared_dir/B2D_Demo/B2D_tcp_uniad/bbd_msgs/install/bbd_msgs/include/bbd_msgs/msg/detail
[3.920s] -- Installing: /root/shared_dir/B2D_Demo/B2D_tcp_uniad/bbd_msgs/install/bbd_msgs/include/bbd_msgs/msg/detail/bbd_branch_output__type_support.c
[3.920s] -- Installing: /root/shared_dir/B2D_Demo/B2D_tcp_uniad/bbd_msgs/install/bbd_msgs/include/bbd_msgs/msg/detail/bbd_backbone_output__rosidl_typesupport_introspection_c.h
[3.920s] -- Installing: /root/shared_dir/B2D_Demo/B2D_tcp_uniad/bbd_msgs/install/bbd_msgs/include/bbd_msgs/msg/detail/bbd_backbone_output__type_support.c
[3.920s] -- Installing: /root/shared_dir/B2D_Demo/B2D_tcp_uniad/bbd_msgs/install/bbd_msgs/include/bbd_msgs/msg/detail/bbd_branch_output__rosidl_typesupport_introspection_c.h
[3.921s] -- Installing: /root/shared_dir/B2D_Demo/B2D_tcp_uniad/bbd_msgs/install/bbd_msgs/include/bbd_msgs/msg/detail/tick_trigger__rosidl_typesupport_introspection_c.h
[3.921s] -- Installing: /root/shared_dir/B2D_Demo/B2D_tcp_uniad/bbd_msgs/install/bbd_msgs/include/bbd_msgs/msg/detail/tick_trigger__type_support.c
[3.921s] -- Installing: /root/shared_dir/B2D_Demo/B2D_tcp_uniad/bbd_msgs/install/bbd_msgs/include/bbd_msgs/msg/rosidl_typesupport_introspection_c__visibility_control.h
[3.921s] -- Installing: /root/shared_dir/B2D_Demo/B2D_tcp_uniad/bbd_msgs/install/bbd_msgs/lib/libbbd_msgs__rosidl_typesupport_introspection_c.so
[3.921s] -- Set runtime path of "/root/shared_dir/B2D_Demo/B2D_tcp_uniad/bbd_msgs/install/bbd_msgs/lib/libbbd_msgs__rosidl_typesupport_introspection_c.so" to ""
[3.921s] -- Installing: /root/shared_dir/B2D_Demo/B2D_tcp_uniad/bbd_msgs/install/bbd_msgs/lib/libbbd_msgs__rosidl_typesupport_c.so
[3.921s] -- Set runtime path of "/root/shared_dir/B2D_Demo/B2D_tcp_uniad/bbd_msgs/install/bbd_msgs/lib/libbbd_msgs__rosidl_typesupport_c.so" to ""
[3.921s] -- Up-to-date: /root/shared_dir/B2D_Demo/B2D_tcp_uniad/bbd_msgs/install/bbd_msgs/include/bbd_msgs
[3.921s] -- Up-to-date: /root/shared_dir/B2D_Demo/B2D_tcp_uniad/bbd_msgs/install/bbd_msgs/include/bbd_msgs/msg
[3.921s] -- Up-to-date: /root/shared_dir/B2D_Demo/B2D_tcp_uniad/bbd_msgs/install/bbd_msgs/include/bbd_msgs/msg/detail
[3.921s] -- Installing: /root/shared_dir/B2D_Demo/B2D_tcp_uniad/bbd_msgs/install/bbd_msgs/include/bbd_msgs/msg/detail/tick_trigger__builder.hpp
[3.921s] -- Installing: /root/shared_dir/B2D_Demo/B2D_tcp_uniad/bbd_msgs/install/bbd_msgs/include/bbd_msgs/msg/detail/bbd_branch_output__traits.hpp
[3.921s] -- Installing: /root/shared_dir/B2D_Demo/B2D_tcp_uniad/bbd_msgs/install/bbd_msgs/include/bbd_msgs/msg/detail/bbd_backbone_output__builder.hpp
[3.921s] -- Installing: /root/shared_dir/B2D_Demo/B2D_tcp_uniad/bbd_msgs/install/bbd_msgs/include/bbd_msgs/msg/detail/bbd_backbone_output__traits.hpp
[3.921s] -- Installing: /root/shared_dir/B2D_Demo/B2D_tcp_uniad/bbd_msgs/install/bbd_msgs/include/bbd_msgs/msg/detail/bbd_branch_output__builder.hpp
[3.921s] -- Installing: /root/shared_dir/B2D_Demo/B2D_tcp_uniad/bbd_msgs/install/bbd_msgs/include/bbd_msgs/msg/detail/bbd_backbone_output__struct.hpp
[3.921s] -- Installing: /root/shared_dir/B2D_Demo/B2D_tcp_uniad/bbd_msgs/install/bbd_msgs/include/bbd_msgs/msg/detail/bbd_branch_output__type_support.hpp
[3.921s] -- Installing: /root/shared_dir/B2D_Demo/B2D_tcp_uniad/bbd_msgs/install/bbd_msgs/include/bbd_msgs/msg/detail/bbd_branch_output__struct.hpp
[3.921s] -- Installing: /root/shared_dir/B2D_Demo/B2D_tcp_uniad/bbd_msgs/install/bbd_msgs/include/bbd_msgs/msg/detail/tick_trigger__traits.hpp
[3.921s] -- Installing: /root/shared_dir/B2D_Demo/B2D_tcp_uniad/bbd_msgs/install/bbd_msgs/include/bbd_msgs/msg/detail/tick_trigger__type_support.hpp
[3.921s] -- Installing: /root/shared_dir/B2D_Demo/B2D_tcp_uniad/bbd_msgs/install/bbd_msgs/include/bbd_msgs/msg/detail/bbd_backbone_output__type_support.hpp
[3.922s] -- Installing: /root/shared_dir/B2D_Demo/B2D_tcp_uniad/bbd_msgs/install/bbd_msgs/include/bbd_msgs/msg/detail/tick_trigger__struct.hpp
[3.922s] -- Installing: /root/shared_dir/B2D_Demo/B2D_tcp_uniad/bbd_msgs/install/bbd_msgs/include/bbd_msgs/msg/bbd_branch_output.hpp
[3.922s] -- Installing: /root/shared_dir/B2D_Demo/B2D_tcp_uniad/bbd_msgs/install/bbd_msgs/include/bbd_msgs/msg/rosidl_generator_cpp__visibility_control.hpp
[3.922s] -- Installing: /root/shared_dir/B2D_Demo/B2D_tcp_uniad/bbd_msgs/install/bbd_msgs/include/bbd_msgs/msg/bbd_backbone_output.hpp
[3.922s] -- Installing: /root/shared_dir/B2D_Demo/B2D_tcp_uniad/bbd_msgs/install/bbd_msgs/include/bbd_msgs/msg/tick_trigger.hpp
[3.922s] -- Up-to-date: /root/shared_dir/B2D_Demo/B2D_tcp_uniad/bbd_msgs/install/bbd_msgs/include/bbd_msgs
[3.922s] -- Up-to-date: /root/shared_dir/B2D_Demo/B2D_tcp_uniad/bbd_msgs/install/bbd_msgs/include/bbd_msgs/msg
[3.922s] -- Up-to-date: /root/shared_dir/B2D_Demo/B2D_tcp_uniad/bbd_msgs/install/bbd_msgs/include/bbd_msgs/msg/detail
[3.922s] -- Installing: /root/shared_dir/B2D_Demo/B2D_tcp_uniad/bbd_msgs/install/bbd_msgs/include/bbd_msgs/msg/detail/bbd_branch_output__type_support.cpp
[3.922s] -- Installing: /root/shared_dir/B2D_Demo/B2D_tcp_uniad/bbd_msgs/install/bbd_msgs/include/bbd_msgs/msg/detail/bbd_backbone_output__type_support.cpp
[3.922s] -- Installing: /root/shared_dir/B2D_Demo/B2D_tcp_uniad/bbd_msgs/install/bbd_msgs/include/bbd_msgs/msg/detail/bbd_branch_output__rosidl_typesupport_introspection_cpp.hpp
[3.922s] -- Installing: /root/shared_dir/B2D_Demo/B2D_tcp_uniad/bbd_msgs/install/bbd_msgs/include/bbd_msgs/msg/detail/bbd_backbone_output__rosidl_typesupport_introspection_cpp.hpp
[3.922s] -- Installing: /root/shared_dir/B2D_Demo/B2D_tcp_uniad/bbd_msgs/install/bbd_msgs/include/bbd_msgs/msg/detail/tick_trigger__type_support.cpp
[3.922s] -- Installing: /root/shared_dir/B2D_Demo/B2D_tcp_uniad/bbd_msgs/install/bbd_msgs/include/bbd_msgs/msg/detail/tick_trigger__rosidl_typesupport_introspection_cpp.hpp
[3.922s] -- Installing: /root/shared_dir/B2D_Demo/B2D_tcp_uniad/bbd_msgs/install/bbd_msgs/lib/libbbd_msgs__rosidl_typesupport_introspection_cpp.so
[3.922s] -- Set runtime path of "/root/shared_dir/B2D_Demo/B2D_tcp_uniad/bbd_msgs/install/bbd_msgs/lib/libbbd_msgs__rosidl_typesupport_introspection_cpp.so" to ""
[3.922s] -- Installing: /root/shared_dir/B2D_Demo/B2D_tcp_uniad/bbd_msgs/install/bbd_msgs/lib/libbbd_msgs__rosidl_typesupport_cpp.so
[3.922s] -- Set runtime path of "/root/shared_dir/B2D_Demo/B2D_tcp_uniad/bbd_msgs/install/bbd_msgs/lib/libbbd_msgs__rosidl_typesupport_cpp.so" to ""
[3.922s] -- Installing: /root/shared_dir/B2D_Demo/B2D_tcp_uniad/bbd_msgs/install/bbd_msgs/share/bbd_msgs/environment/pythonpath.sh
[3.922s] -- Installing: /root/shared_dir/B2D_Demo/B2D_tcp_uniad/bbd_msgs/install/bbd_msgs/share/bbd_msgs/environment/pythonpath.dsv
[3.923s] -- Installing: /root/shared_dir/B2D_Demo/B2D_tcp_uniad/bbd_msgs/install/bbd_msgs/lib/python3.8/site-packages/bbd_msgs/__init__.py
[3.943s] Compiling '/root/shared_dir/B2D_Demo/B2D_tcp_uniad/bbd_msgs/install/bbd_msgs/lib/python3.8/site-packages/bbd_msgs/__init__.py'...
[3.945s] -- Installing: /root/shared_dir/B2D_Demo/B2D_tcp_uniad/bbd_msgs/install/bbd_msgs/lib/python3.8/site-packages/bbd_msgs/msg
[3.945s] -- Installing: /root/shared_dir/B2D_Demo/B2D_tcp_uniad/bbd_msgs/install/bbd_msgs/lib/python3.8/site-packages/bbd_msgs/msg/_tick_trigger.py
[3.945s] -- Installing: /root/shared_dir/B2D_Demo/B2D_tcp_uniad/bbd_msgs/install/bbd_msgs/lib/python3.8/site-packages/bbd_msgs/msg/__init__.py
[3.945s] -- Installing: /root/shared_dir/B2D_Demo/B2D_tcp_uniad/bbd_msgs/install/bbd_msgs/lib/python3.8/site-packages/bbd_msgs/msg/_bbd_backbone_output.py
[3.945s] -- Installing: /root/shared_dir/B2D_Demo/B2D_tcp_uniad/bbd_msgs/install/bbd_msgs/lib/python3.8/site-packages/bbd_msgs/msg/_bbd_branch_output.py
[3.945s] -- Installing: /root/shared_dir/B2D_Demo/B2D_tcp_uniad/bbd_msgs/install/bbd_msgs/lib/python3.8/site-packages/bbd_msgs/msg/_bbd_backbone_output_s.c
[3.945s] -- Installing: /root/shared_dir/B2D_Demo/B2D_tcp_uniad/bbd_msgs/install/bbd_msgs/lib/python3.8/site-packages/bbd_msgs/msg/_tick_trigger_s.c
[3.945s] -- Installing: /root/shared_dir/B2D_Demo/B2D_tcp_uniad/bbd_msgs/install/bbd_msgs/lib/python3.8/site-packages/bbd_msgs/msg/_bbd_branch_output_s.c
[3.945s] -- Installing: /root/shared_dir/B2D_Demo/B2D_tcp_uniad/bbd_msgs/install/bbd_msgs/lib/python3.8/site-packages/bbd_msgs/bbd_msgs_s__rosidl_typesupport_fastrtps_c.cpython-38-x86_64-linux-gnu.so
[3.946s] -- Set runtime path of "/root/shared_dir/B2D_Demo/B2D_tcp_uniad/bbd_msgs/install/bbd_msgs/lib/python3.8/site-packages/bbd_msgs/bbd_msgs_s__rosidl_typesupport_fastrtps_c.cpython-38-x86_64-linux-gnu.so" to ""
[3.946s] -- Installing: /root/shared_dir/B2D_Demo/B2D_tcp_uniad/bbd_msgs/install/bbd_msgs/lib/python3.8/site-packages/bbd_msgs/bbd_msgs_s__rosidl_typesupport_introspection_c.cpython-38-x86_64-linux-gnu.so
[3.946s] -- Set runtime path of "/root/shared_dir/B2D_Demo/B2D_tcp_uniad/bbd_msgs/install/bbd_msgs/lib/python3.8/site-packages/bbd_msgs/bbd_msgs_s__rosidl_typesupport_introspection_c.cpython-38-x86_64-linux-gnu.so" to ""
[3.946s] -- Installing: /root/shared_dir/B2D_Demo/B2D_tcp_uniad/bbd_msgs/install/bbd_msgs/lib/python3.8/site-packages/bbd_msgs/bbd_msgs_s__rosidl_typesupport_c.cpython-38-x86_64-linux-gnu.so
[3.946s] -- Set runtime path of "/root/shared_dir/B2D_Demo/B2D_tcp_uniad/bbd_msgs/install/bbd_msgs/lib/python3.8/site-packages/bbd_msgs/bbd_msgs_s__rosidl_typesupport_c.cpython-38-x86_64-linux-gnu.so" to ""
[3.946s] -- Installing: /root/shared_dir/B2D_Demo/B2D_tcp_uniad/bbd_msgs/install/bbd_msgs/lib/libbbd_msgs__python.so
[3.947s] -- Set runtime path of "/root/shared_dir/B2D_Demo/B2D_tcp_uniad/bbd_msgs/install/bbd_msgs/lib/libbbd_msgs__python.so" to ""
[3.947s] -- Installing: /root/shared_dir/B2D_Demo/B2D_tcp_uniad/bbd_msgs/install/bbd_msgs/share/bbd_msgs/msg/BBDBackboneOutput.idl
[3.947s] -- Installing: /root/shared_dir/B2D_Demo/B2D_tcp_uniad/bbd_msgs/install/bbd_msgs/share/bbd_msgs/msg/BBDBranchOutput.idl
[3.947s] -- Installing: /root/shared_dir/B2D_Demo/B2D_tcp_uniad/bbd_msgs/install/bbd_msgs/share/bbd_msgs/msg/TickTrigger.idl
[3.947s] -- Installing: /root/shared_dir/B2D_Demo/B2D_tcp_uniad/bbd_msgs/install/bbd_msgs/share/bbd_msgs/msg/BBDBackboneOutput.msg
[3.947s] -- Installing: /root/shared_dir/B2D_Demo/B2D_tcp_uniad/bbd_msgs/install/bbd_msgs/share/bbd_msgs/msg/BBDBranchOutput.msg
[3.947s] -- Installing: /root/shared_dir/B2D_Demo/B2D_tcp_uniad/bbd_msgs/install/bbd_msgs/share/bbd_msgs/msg/TickTrigger.msg
[3.947s] -- Installing: /root/shared_dir/B2D_Demo/B2D_tcp_uniad/bbd_msgs/install/bbd_msgs/share/ament_index/resource_index/package_run_dependencies/bbd_msgs
[3.947s] -- Installing: /root/shared_dir/B2D_Demo/B2D_tcp_uniad/bbd_msgs/install/bbd_msgs/share/ament_index/resource_index/parent_prefix_path/bbd_msgs
[3.947s] -- Installing: /root/shared_dir/B2D_Demo/B2D_tcp_uniad/bbd_msgs/install/bbd_msgs/share/bbd_msgs/environment/ament_prefix_path.sh
[3.947s] -- Installing: /root/shared_dir/B2D_Demo/B2D_tcp_uniad/bbd_msgs/install/bbd_msgs/share/bbd_msgs/environment/ament_prefix_path.dsv
[3.947s] -- Installing: /root/shared_dir/B2D_Demo/B2D_tcp_uniad/bbd_msgs/install/bbd_msgs/share/bbd_msgs/environment/path.sh
[3.947s] -- Installing: /root/shared_dir/B2D_Demo/B2D_tcp_uniad/bbd_msgs/install/bbd_msgs/share/bbd_msgs/environment/path.dsv
[3.947s] -- Installing: /root/shared_dir/B2D_Demo/B2D_tcp_uniad/bbd_msgs/install/bbd_msgs/share/bbd_msgs/local_setup.bash
[3.947s] -- Installing: /root/shared_dir/B2D_Demo/B2D_tcp_uniad/bbd_msgs/install/bbd_msgs/share/bbd_msgs/local_setup.sh
[3.947s] -- Installing: /root/shared_dir/B2D_Demo/B2D_tcp_uniad/bbd_msgs/install/bbd_msgs/share/bbd_msgs/local_setup.zsh
[3.947s] -- Installing: /root/shared_dir/B2D_Demo/B2D_tcp_uniad/bbd_msgs/install/bbd_msgs/share/bbd_msgs/local_setup.dsv
[3.948s] -- Installing: /root/shared_dir/B2D_Demo/B2D_tcp_uniad/bbd_msgs/install/bbd_msgs/share/bbd_msgs/package.dsv
[3.948s] -- Installing: /root/shared_dir/B2D_Demo/B2D_tcp_uniad/bbd_msgs/install/bbd_msgs/share/ament_index/resource_index/packages/bbd_msgs
[3.948s] -- Installing: /root/shared_dir/B2D_Demo/B2D_tcp_uniad/bbd_msgs/install/bbd_msgs/share/bbd_msgs/cmake/bbd_msgs__rosidl_generator_cExport.cmake
[3.948s] -- Installing: /root/shared_dir/B2D_Demo/B2D_tcp_uniad/bbd_msgs/install/bbd_msgs/share/bbd_msgs/cmake/bbd_msgs__rosidl_generator_cExport-release.cmake
[3.948s] -- Installing: /root/shared_dir/B2D_Demo/B2D_tcp_uniad/bbd_msgs/install/bbd_msgs/share/bbd_msgs/cmake/bbd_msgs__rosidl_typesupport_introspection_cExport.cmake
[3.948s] -- Installing: /root/shared_dir/B2D_Demo/B2D_tcp_uniad/bbd_msgs/install/bbd_msgs/share/bbd_msgs/cmake/bbd_msgs__rosidl_typesupport_introspection_cExport-release.cmake
[3.948s] -- Installing: /root/shared_dir/B2D_Demo/B2D_tcp_uniad/bbd_msgs/install/bbd_msgs/share/bbd_msgs/cmake/bbd_msgs__rosidl_typesupport_cExport.cmake
[3.948s] -- Installing: /root/shared_dir/B2D_Demo/B2D_tcp_uniad/bbd_msgs/install/bbd_msgs/share/bbd_msgs/cmake/bbd_msgs__rosidl_typesupport_cExport-release.cmake
[3.948s] -- Installing: /root/shared_dir/B2D_Demo/B2D_tcp_uniad/bbd_msgs/install/bbd_msgs/share/bbd_msgs/cmake/bbd_msgs__rosidl_generator_cppExport.cmake
[3.948s] -- Installing: /root/shared_dir/B2D_Demo/B2D_tcp_uniad/bbd_msgs/install/bbd_msgs/share/bbd_msgs/cmake/bbd_msgs__rosidl_typesupport_introspection_cppExport.cmake
[3.948s] -- Installing: /root/shared_dir/B2D_Demo/B2D_tcp_uniad/bbd_msgs/install/bbd_msgs/share/bbd_msgs/cmake/bbd_msgs__rosidl_typesupport_introspection_cppExport-release.cmake
[3.948s] -- Installing: /root/shared_dir/B2D_Demo/B2D_tcp_uniad/bbd_msgs/install/bbd_msgs/share/bbd_msgs/cmake/bbd_msgs__rosidl_typesupport_cppExport.cmake
[3.948s] -- Installing: /root/shared_dir/B2D_Demo/B2D_tcp_uniad/bbd_msgs/install/bbd_msgs/share/bbd_msgs/cmake/bbd_msgs__rosidl_typesupport_cppExport-release.cmake
[3.948s] -- Installing: /root/shared_dir/B2D_Demo/B2D_tcp_uniad/bbd_msgs/install/bbd_msgs/share/bbd_msgs/cmake/rosidl_cmake-extras.cmake
[3.948s] -- Installing: /root/shared_dir/B2D_Demo/B2D_tcp_uniad/bbd_msgs/install/bbd_msgs/share/bbd_msgs/cmake/ament_cmake_export_dependencies-extras.cmake
[3.949s] -- Installing: /root/shared_dir/B2D_Demo/B2D_tcp_uniad/bbd_msgs/install/bbd_msgs/share/bbd_msgs/cmake/ament_cmake_export_libraries-extras.cmake
[3.949s] -- Installing: /root/shared_dir/B2D_Demo/B2D_tcp_uniad/bbd_msgs/install/bbd_msgs/share/bbd_msgs/cmake/ament_cmake_export_targets-extras.cmake
[3.949s] -- Installing: /root/shared_dir/B2D_Demo/B2D_tcp_uniad/bbd_msgs/install/bbd_msgs/share/bbd_msgs/cmake/ament_cmake_export_include_directories-extras.cmake
[3.949s] -- Installing: /root/shared_dir/B2D_Demo/B2D_tcp_uniad/bbd_msgs/install/bbd_msgs/share/bbd_msgs/cmake/rosidl_cmake_export_typesupport_libraries-extras.cmake
[3.949s] -- Installing: /root/shared_dir/B2D_Demo/B2D_tcp_uniad/bbd_msgs/install/bbd_msgs/share/bbd_msgs/cmake/rosidl_cmake_export_typesupport_targets-extras.cmake
[3.949s] -- Installing: /root/shared_dir/B2D_Demo/B2D_tcp_uniad/bbd_msgs/install/bbd_msgs/share/bbd_msgs/cmake/bbd_msgsConfig.cmake
[3.949s] -- Installing: /root/shared_dir/B2D_Demo/B2D_tcp_uniad/bbd_msgs/install/bbd_msgs/share/bbd_msgs/cmake/bbd_msgsConfig-version.cmake
[3.949s] -- Installing: /root/shared_dir/B2D_Demo/B2D_tcp_uniad/bbd_msgs/install/bbd_msgs/share/bbd_msgs/package.xml
[3.950s] Invoked command in '/root/shared_dir/B2D_Demo/B2D_tcp_uniad/bbd_msgs/build/bbd_msgs' returned '0': /usr/bin/cmake --install /root/shared_dir/B2D_Demo/B2D_tcp_uniad/bbd_msgs/build/bbd_msgs
